#
# There is insufficient memory for the Java Runtime Environment to continue.
# Native memory allocation (malloc) failed to allocate 262160 bytes for Chunk::new
# Possible reasons:
#   The system is out of physical RAM or swap space
#   In 32 bit mode, the process size limit was hit
# Possible solutions:
#   Reduce memory load on the system
#   Increase physical memory or swap space
#   Check if swap backing store is full
#   Use 64 bit Java on a 64 bit OS
#   Decrease Java heap size (-Xmx/-Xms)
#   Decrease number of Java threads
#   Decrease Java thread stack sizes (-Xss)
#   Set larger code cache with -XX:ReservedCodeCacheSize=
# This output file may be truncated or incomplete.
#
#  Out of Memory Error (allocation.cpp:390), pid=41672, tid=0x0000000000009738
#
# JRE version: Java(TM) SE Runtime Environment (8.0_102-b14) (build 1.8.0_102-b14)
# Java VM: Java HotSpot(TM) 64-Bit Server VM (25.102-b14 mixed mode windows-amd64 compressed oops)
# Failed to write core dump. Minidumps are not enabled by default on client versions of Windows
#

---------------  T H R E A D  ---------------

Current thread (0x0000000054f8f000):  JavaThread "C2 CompilerThread0" daemon [_thread_in_native, id=38712, stack(0x0000000056b60000,0x0000000056c60000)]

Stack: [0x0000000056b60000,0x0000000056c60000]
[error occurred during error reporting (printing stack bounds), id 0xc0000005]

Native frames: (J=compiled Java code, j=interpreted, Vv=VM code, C=native code)


Current CompileTask:
C2:  12834 1929   !   4       com.android.dx.cf.code.BytecodeArray::parseInstruction (2764 bytes)


---------------  P R O C E S S  ---------------

Java Threads: ( => current thread )
  0x00000000567d5000 JavaThread "pool-2-thread-4" [_thread_in_Java, id=41084, stack(0x0000000057930000,0x0000000057a30000)]
  0x00000000567be800 JavaThread "pool-2-thread-3" [_thread_blocked, id=41516, stack(0x0000000055fc0000,0x00000000560c0000)]
  0x00000000567be000 JavaThread "pool-2-thread-2" [_thread_blocked, id=40060, stack(0x0000000057730000,0x0000000057830000)]
  0x00000000567a9000 JavaThread "pool-3-thread-1" [_thread_blocked, id=36988, stack(0x0000000057570000,0x0000000057670000)]
  0x00000000567a7000 JavaThread "pool-2-thread-1" [_thread_in_Java, id=40884, stack(0x00000000573f0000,0x00000000574f0000)]
  0x000000005657e800 JavaThread "Service Thread" daemon [_thread_blocked, id=41900, stack(0x00000000570b0000,0x00000000571b0000)]
  0x00000000564f8800 JavaThread "C1 CompilerThread2" daemon [_thread_in_native, id=42092, stack(0x0000000056f60000,0x0000000057060000)]
  0x00000000564f4000 JavaThread "C2 CompilerThread1" daemon [_thread_in_native, id=42072, stack(0x0000000056d70000,0x0000000056e70000)]
=>0x0000000054f8f000 JavaThread "C2 CompilerThread0" daemon [_thread_in_native, id=38712, stack(0x0000000056b60000,0x0000000056c60000)]
  0x00000000564e9800 JavaThread "Attach Listener" daemon [_thread_blocked, id=41616, stack(0x0000000056900000,0x0000000056a00000)]
  0x00000000564e8800 JavaThread "Signal Dispatcher" daemon [_thread_blocked, id=41376, stack(0x0000000056a50000,0x0000000056b50000)]
  0x0000000054f63800 JavaThread "Finalizer" daemon [_thread_blocked, id=41024, stack(0x00000000563e0000,0x00000000564e0000)]
  0x0000000054f22000 JavaThread "Reference Handler" daemon [_thread_blocked, id=42000, stack(0x0000000056240000,0x0000000056340000)]
  0x00000000024fe800 JavaThread "main" [_thread_in_Java, id=41172, stack(0x0000000002770000,0x0000000002870000)]

Other Threads:
  0x0000000054f1a800 VMThread [stack: 0x00000000560c0000,0x00000000561c0000] [id=37324]
  0x0000000056596000 WatcherThread [stack: 0x00000000572c0000,0x00000000573c0000] [id=40988]

VM state:not at safepoint (normal execution)

VM Mutex/Monitor currently owned by a thread:  ([mutex/lock_event])
[0x00000000024fc920] Heap_lock - owner thread: 0x00000000567be000

Heap:
 PSYoungGen      total 65024K, used 10402K [0x00000000eab00000, 0x00000000eef00000, 0x0000000100000000)
  eden space 60416K, 9% used [0x00000000eab00000,0x00000000eb0b0608,0x00000000ee600000)
  from space 4608K, 99% used [0x00000000ee600000,0x00000000eea78358,0x00000000eea80000)
  to   space 4608K, 0% used [0x00000000eea80000,0x00000000eea80000,0x00000000eef00000)
 ParOldGen       total 79360K, used 13844K [0x00000000c0000000, 0x00000000c4d80000, 0x00000000eab00000)
  object space 79360K, 17% used [0x00000000c0000000,0x00000000c0d85290,0x00000000c4d80000)
 Metaspace       used 6372K, capacity 7128K, committed 7424K, reserved 1056768K
  class space    used 628K, capacity 656K, committed 768K, reserved 1048576K

Card table byte_map: [0x0000000011c30000,0x0000000011e40000] byte_map_base: 0x0000000011630000

Marking Bits: (ParMarkBitMap*) 0x000000006a41a6c0
 Begin Bits: [0x0000000012390000, 0x0000000013390000)
 End Bits:   [0x0000000013390000, 0x0000000014390000)

Polling page: 0x00000000001c0000

CodeCache: size=245760Kb used=7451Kb max_used=7451Kb free=238308Kb
 bounds [0x0000000002870000, 0x0000000002fc0000, 0x0000000011870000]
 total_blobs=2008 nmethods=1738 adapters=184
 compilation: enabled

Compilation events (10 events):
Event: 12.797 Thread 0x00000000564f8800 nmethod 1930 0x0000000002faa690 code [0x0000000002faa900, 0x0000000002fab198]
Event: 12.797 Thread 0x00000000564f8800 1937       2       java.util.HashMap::put (13 bytes)
Event: 12.798 Thread 0x00000000564f8800 nmethod 1937 0x0000000002faa250 code [0x0000000002faa3c0, 0x0000000002faa5b8]
Event: 12.798 Thread 0x00000000564f8800 1936   !   2       com.android.dx.rop.code.RegisterSpec::intern (70 bytes)
Event: 12.799 Thread 0x00000000564f8800 nmethod 1936 0x0000000002fa96d0 code [0x0000000002fa9880, 0x0000000002fa9dc8]
Event: 12.799 Thread 0x00000000564f8800 1926       1       com.android.dx.rop.cst.TypedConstant::getFrameType (2 bytes)
Event: 12.800 Thread 0x00000000564f8800 nmethod 1926 0x0000000002fa9410 code [0x0000000002fa9560, 0x0000000002fa9670]
Event: 12.800 Thread 0x00000000564f8800 1944 %     3       com.android.dx.ssa.SsaRenamer::setNameForSsaReg @ 20 (54 bytes)
Event: 12.803 Thread 0x00000000564f8800 nmethod 1944% 0x0000000002fbc710 code [0x0000000002fbc960, 0x0000000002fbd758]
Event: 12.803 Thread 0x00000000564f8800 1923 %     3       com.android.dx.ssa.Dominators::run @ 89 (506 bytes)

GC Heap History (6 events):
Event: 3.378 GC heap before
{Heap before GC invocations=1 (full 0):
 PSYoungGen      total 34816K, used 30208K [0x00000000eab00000, 0x00000000ed180000, 0x0000000100000000)
  eden space 30208K, 100% used [0x00000000eab00000,0x00000000ec880000,0x00000000ec880000)
  from space 4608K, 0% used [0x00000000ecd00000,0x00000000ecd00000,0x00000000ed180000)
  to   space 4608K, 0% used [0x00000000ec880000,0x00000000ec880000,0x00000000ecd00000)
 ParOldGen       total 79360K, used 0K [0x00000000c0000000, 0x00000000c4d80000, 0x00000000eab00000)
  object space 79360K, 0% used [0x00000000c0000000,0x00000000c0000000,0x00000000c4d80000)
 Metaspace       used 5886K, capacity 6774K, committed 7040K, reserved 1056768K
  class space    used 608K, capacity 622K, committed 640K, reserved 1048576K
Event: 3.668 GC heap after
Heap after GC invocations=1 (full 0):
 PSYoungGen      total 34816K, used 4605K [0x00000000eab00000, 0x00000000eef00000, 0x0000000100000000)
  eden space 30208K, 0% used [0x00000000eab00000,0x00000000eab00000,0x00000000ec880000)
  from space 4608K, 99% used [0x00000000ec880000,0x00000000eccff500,0x00000000ecd00000)
  to   space 4608K, 0% used [0x00000000eea80000,0x00000000eea80000,0x00000000eef00000)
 ParOldGen       total 79360K, used 1672K [0x00000000c0000000, 0x00000000c4d80000, 0x00000000eab00000)
  object space 79360K, 2% used [0x00000000c0000000,0x00000000c01a2070,0x00000000c4d80000)
 Metaspace       used 5886K, capacity 6774K, committed 7040K, reserved 1056768K
  class space    used 608K, capacity 622K, committed 640K, reserved 1048576K
}
Event: 7.879 GC heap before
{Heap before GC invocations=2 (full 0):
 PSYoungGen      total 34816K, used 34813K [0x00000000eab00000, 0x00000000eef00000, 0x0000000100000000)
  eden space 30208K, 100% used [0x00000000eab00000,0x00000000ec880000,0x00000000ec880000)
  from space 4608K, 99% used [0x00000000ec880000,0x00000000eccff500,0x00000000ecd00000)
  to   space 4608K, 0% used [0x00000000eea80000,0x00000000eea80000,0x00000000eef00000)
 ParOldGen       total 79360K, used 1672K [0x00000000c0000000, 0x00000000c4d80000, 0x00000000eab00000)
  object space 79360K, 2% used [0x00000000c0000000,0x00000000c01a2070,0x00000000c4d80000)
 Metaspace       used 6265K, capacity 7064K, committed 7424K, reserved 1056768K
  class space    used 627K, capacity 656K, committed 768K, reserved 1048576K
Event: 9.174 GC heap after
Heap after GC invocations=2 (full 0):
 PSYoungGen      total 65024K, used 4589K [0x00000000eab00000, 0x00000000eef00000, 0x0000000100000000)
  eden space 60416K, 0% used [0x00000000eab00000,0x00000000eab00000,0x00000000ee600000)
  from space 4608K, 99% used [0x00000000eea80000,0x00000000eeefb4f0,0x00000000eef00000)
  to   space 4608K, 0% used [0x00000000ee600000,0x00000000ee600000,0x00000000eea80000)
 ParOldGen       total 79360K, used 4949K [0x00000000c0000000, 0x00000000c4d80000, 0x00000000eab00000)
  object space 79360K, 6% used [0x00000000c0000000,0x00000000c04d55d0,0x00000000c4d80000)
 Metaspace       used 6265K, capacity 7064K, committed 7424K, reserved 1056768K
  class space    used 627K, capacity 656K, committed 768K, reserved 1048576K
}
Event: 12.550 GC heap before
{Heap before GC invocations=3 (full 0):
 PSYoungGen      total 65024K, used 65005K [0x00000000eab00000, 0x00000000eef00000, 0x0000000100000000)
  eden space 60416K, 100% used [0x00000000eab00000,0x00000000ee600000,0x00000000ee600000)
  from space 4608K, 99% used [0x00000000eea80000,0x00000000eeefb4f0,0x00000000eef00000)
  to   space 4608K, 0% used [0x00000000ee600000,0x00000000ee600000,0x00000000eea80000)
 ParOldGen       total 79360K, used 4949K [0x00000000c0000000, 0x00000000c4d80000, 0x00000000eab00000)
  object space 79360K, 6% used [0x00000000c0000000,0x00000000c04d55d0,0x00000000c4d80000)
 Metaspace       used 6372K, capacity 7128K, committed 7424K, reserved 1056768K
  class space    used 628K, capacity 656K, committed 768K, reserved 1048576K
Event: 12.770 GC heap after
Heap after GC invocations=3 (full 0):
 PSYoungGen      total 65024K, used 4576K [0x00000000eab00000, 0x00000000eef00000, 0x0000000100000000)
  eden space 60416K, 0% used [0x00000000eab00000,0x00000000eab00000,0x00000000ee600000)
  from space 4608K, 99% used [0x00000000ee600000,0x00000000eea78358,0x00000000eea80000)
  to   space 4608K, 0% used [0x00000000eea80000,0x00000000eea80000,0x00000000eef00000)
 ParOldGen       total 79360K, used 13844K [0x00000000c0000000, 0x00000000c4d80000, 0x00000000eab00000)
  object space 79360K, 17% used [0x00000000c0000000,0x00000000c0d85290,0x00000000c4d80000)
 Metaspace       used 6372K, capacity 7128K, committed 7424K, reserved 1056768K
  class space    used 628K, capacity 656K, committed 768K, reserved 1048576K
}

Deoptimization events (10 events):
Event: 7.440 Thread 0x00000000567be000 Uncommon trap: reason=bimorphic action=maybe_recompile pc=0x0000000002d66398 method=com.android.dx.cf.code.BytecodeArray.parseInstruction(ILcom/android/dx/cf/code/BytecodeArray$Visitor;)I @ 1130
Event: 7.440 Thread 0x00000000567be000 Uncommon trap: reason=bimorphic action=maybe_recompile pc=0x0000000002d66398 method=com.android.dx.cf.code.BytecodeArray.parseInstruction(ILcom/android/dx/cf/code/BytecodeArray$Visitor;)I @ 1130
Event: 9.425 Thread 0x00000000024fe800 Uncommon trap: reason=unloaded action=reinterpret pc=0x0000000002e0e994 method=com.android.dx.cf.cst.ConstantPoolParser.parse0(ILjava/util/BitSet;)Lcom/android/dx/rop/cst/Constant; @ 198
Event: 9.447 Thread 0x00000000567be000 Uncommon trap: reason=uninitialized action=reinterpret pc=0x0000000002e3971c method=com.android.dx.cf.code.BytecodeArray.parseInstruction(ILcom/android/dx/cf/code/BytecodeArray$Visitor;)I @ 999
Event: 9.560 Thread 0x00000000567a7000 Uncommon trap: reason=null_check action=make_not_entrant pc=0x0000000002d55300 method=com.android.dx.ssa.SsaRenamer.getLocalForNewReg(I)Lcom/android/dx/rop/code/LocalItem; @ 19
Event: 9.730 Thread 0x00000000567be000 Uncommon trap: reason=unstable_if action=reinterpret pc=0x0000000002d7bc50 method=java.util.HashMap.putVal(ILjava/lang/Object;Ljava/lang/Object;ZZ)Ljava/lang/Object; @ 109
Event: 10.019 Thread 0x00000000567be000 Uncommon trap: reason=unstable_if action=reinterpret pc=0x0000000002e03154 method=com.android.dx.ssa.LocalVariableExtractor.processBlock(I)V @ 251
Event: 10.564 Thread 0x00000000567be000 Uncommon trap: reason=unstable_if action=reinterpret pc=0x0000000002bcd328 method=com.android.dx.ssa.SCCP.simulateStmt(Lcom/android/dx/ssa/SsaInsn;)V @ 59
Event: 10.620 Thread 0x00000000024fe800 Uncommon trap: reason=unstable_if action=reinterpret pc=0x0000000002d7622c method=java.util.HashMap.putVal(ILjava/lang/Object;Ljava/lang/Object;ZZ)Ljava/lang/Object; @ 109
Event: 10.621 Thread 0x00000000024fe800 Uncommon trap: reason=unstable_if action=reinterpret pc=0x0000000002c55818 method=java.util.HashMap.putVal(ILjava/lang/Object;Ljava/lang/Object;ZZ)Ljava/lang/Object; @ 109

Internal exceptions (7 events):
Event: 0.202 Thread 0x00000000024fe800 Exception <a 'java/lang/NoSuchMethodError': Method sun.misc.Unsafe.defineClass(Ljava/lang/String;[BII)Ljava/lang/Class; name or signature does not match> (0x00000000eab07c78) thrown at [C:\re\workspace\8-2-build-windows-amd64-cygwin\jdk8u102\7268\hotspot\sŒSûàÑÉ?
Event: 0.202 Thread 0x00000000024fe800 Exception <a 'java/lang/NoSuchMethodError': Method sun.misc.Unsafe.prefetchRead(Ljava/lang/Object;J)V name or signature does not match> (0x00000000eab07f60) thrown at [C:\re\workspace\8-2-build-windows-amd64-cygwin\jdk8u102\7268\hotspot\src\share\vm\prims\ú0 :˜C@
Event: 4.316 Thread 0x00000000024fe800 Exception <a 'java/lang/ArrayIndexOutOfBoundsException': 18> (0x00000000eb5c5948) thrown at [C:\re\workspace\8-2-build-windows-amd64-cygwin\jdk8u102\7268\hotspot\src\share\vm\interpreter\interpreterRuntime.cpp, line 366]
Event: 4.317 Thread 0x00000000024fe800 Exception <a 'java/lang/ArrayIndexOutOfBoundsException': 145> (0x00000000eb5c74c8) thrown at [C:\re\workspace\8-2-build-windows-amd64-cygwin\jdk8u102\7268\hotspot\src\share\vm\interpreter\interpreterRuntime.cpp, line 366]
Event: 4.319 Thread 0x00000000024fe800 Exception <a 'java/lang/ArrayIndexOutOfBoundsException'> (0x00000000eb5c87b0) thrown at [C:\re\workspace\8-2-build-windows-amd64-cygwin\jdk8u102\7268\hotspot\src\share\vm\runtime\sharedRuntime.cpp, line 605]
Event: 4.517 Thread 0x00000000024fe800 Implicit null exception at 0x0000000002ba4ad2 to 0x0000000002ba4bc2
Event: 9.560 Thread 0x00000000567a7000 Implicit null exception at 0x0000000002d52f31 to 0x0000000002d552e5

Events (10 events):
Event: 10.620 Thread 0x00000000024fe800 DEOPT UNPACKING pc=0x00000000028b582a sp=0x000000000286dfb8 mode 2
Event: 10.621 Thread 0x00000000024fe800 Uncommon trap: trap_request=0xffffff65 fr.pc=0x0000000002c55818
Event: 10.621 Thread 0x00000000024fe800 DEOPT PACKING pc=0x0000000002c55818 sp=0x000000000286dfd0
Event: 10.621 Thread 0x00000000024fe800 DEOPT UNPACKING pc=0x00000000028b582a sp=0x000000000286df00 mode 2
Event: 10.748 Thread 0x00000000567be000 DEOPT PACKING pc=0x0000000002b835fa sp=0x000000005782e430
Event: 10.748 Thread 0x00000000567be000 DEOPT UNPACKING pc=0x00000000028b747f sp=0x000000005782e1f8 mode 0
Event: 10.775 Executing VM operation: ParallelGCFailedAllocation
Event: 12.770 Executing VM operation: ParallelGCFailedAllocation done
Event: 12.790 Thread 0x00000000567d5000 DEOPT PACKING pc=0x0000000002c0c43a sp=0x0000000057a2ecd0
Event: 12.791 Thread 0x00000000567d5000 DEOPT UNPACKING pc=0x00000000028b747f sp=0x0000000057a2ea48 mode 0


Dynamic libraries:
0x000000013fa90000 - 0x000000013fac7000 	C:\Program Files\Java\jdk1.8.0_102\bin\java.exe
0x0000000077ac0000 - 0x0000000077c6a000 	C:\Windows\SYSTEM32\ntdll.dll
0x00000000779a0000 - 0x0000000077abf000 	C:\Windows\system32\kernel32.dll
0x000007fefd860000 - 0x000007fefd8ca000 	C:\Windows\system32\KERNELBASE.dll
0x000007feff450000 - 0x000007feff52b000 	C:\Windows\system32\ADVAPI32.dll
0x000007feff9a0000 - 0x000007feffa3f000 	C:\Windows\system32\msvcrt.dll
0x000007fefdff0000 - 0x000007fefe00f000 	C:\Windows\SYSTEM32\sechost.dll
0x000007fefe040000 - 0x000007fefe16d000 	C:\Windows\system32\RPCRT4.dll
0x00000000778a0000 - 0x000000007799a000 	C:\Windows\system32\USER32.dll
0x000007fefe240000 - 0x000007fefe2a7000 	C:\Windows\system32\GDI32.dll
0x000007feff420000 - 0x000007feff42e000 	C:\Windows\system32\LPK.dll
0x000007fefe170000 - 0x000007fefe23a000 	C:\Windows\system32\USP10.dll
0x000007fefc310000 - 0x000007fefc504000 	C:\Windows\WinSxS\amd64_microsoft.windows.common-controls_6595b64144ccf1df_6.0.7601.23403_none_e36ad4593102f066\COMCTL32.dll
0x000007fefded0000 - 0x000007fefdf41000 	C:\Windows\system32\SHLWAPI.dll
0x000007fefe010000 - 0x000007fefe03e000 	C:\Windows\system32\IMM32.DLL
0x000007fefe300000 - 0x000007fefe409000 	C:\Windows\system32\MSCTF.dll
0x0000000070180000 - 0x0000000070251000 	C:\Program Files\Java\jdk1.8.0_102\jre\bin\msvcr100.dll
0x0000000069c00000 - 0x000000006a49a000 	C:\Program Files\Java\jdk1.8.0_102\jre\bin\server\jvm.dll
0x000007fefbae0000 - 0x000007fefbae9000 	C:\Windows\system32\WSOCK32.dll
0x000007fefe2b0000 - 0x000007fefe2fd000 	C:\Windows\system32\WS2_32.dll
0x000007fefe410000 - 0x000007fefe418000 	C:\Windows\system32\NSI.dll
0x000007fefb460000 - 0x000007fefb49b000 	C:\Windows\system32\WINMM.dll
0x000007fefd100000 - 0x000007fefd10c000 	C:\Windows\system32\VERSION.dll
0x0000000077c80000 - 0x0000000077c87000 	C:\Windows\system32\PSAPI.DLL
0x0000000075470000 - 0x000000007547f000 	C:\Program Files\Java\jdk1.8.0_102\jre\bin\verify.dll
0x0000000075430000 - 0x0000000075459000 	C:\Program Files\Java\jdk1.8.0_102\jre\bin\java.dll
0x0000000075410000 - 0x0000000075426000 	C:\Program Files\Java\jdk1.8.0_102\jre\bin\zip.dll
0x000007fefe480000 - 0x000007feff20c000 	C:\Windows\system32\SHELL32.dll
0x000007feff210000 - 0x000007feff413000 	C:\Windows\system32\ole32.dll
0x000007fefd840000 - 0x000007fefd84f000 	C:\Windows\system32\profapi.dll

VM Arguments:
jvm_args: -Djava.awt.headless=true -Xmx1024M -Dfile.encoding=GBK -Duser.country=CN -Duser.language=zh -Duser.variant 
java_command: com.android.dx.command.Main --dex --force-jumbo --num-threads=4 --multi-dex --output D:\android\androidStudio\day45\FirstAndroidStudioDemo\app\build\intermediates\transforms\dex\debug\folders\1000\10\com.android.support-support-core-ui-24.2.0_83f5868ac930c36ddb4d759049f77fa203555e80 D:\android\androidStudio\day45\FirstAndroidStudioDemo\app\build\intermediates\exploded-aar\com.android.support\support-core-ui\24.2.0\jars\classes.jar
java_class_path (initial): D:\SDK\build-tools\24.0.2\lib\dx.jar
Launcher Type: SUN_STANDARD

Environment Variables:
JAVA_HOME=C:\Program Files\Java\jdk1.8.0_102
CLASSPATH=.;C:\Program Files\Java\jdk1.8.0_102\lib;C:\Program Files\Java\jdk1.8.0_102\lib\tools.jar
PATH=C:\ProgramData\Oracle\Java\javapath;C:\Windows\system32;C:\Windows;C:\Windows\System32\Wbem;C:\Windows\System32\WindowsPowerShell\v1.0\;C:\Program Files (x86)\ATI Technologies\ATI.ACE\Core-Static;C:\Program Files\Java\jdk1.8.0_102\bin;C:\Program Files\Java\jdk1.8.0_102\jre\bin;C:\Program Files\VisualSVN Server\bin;C:\Program Files\TortoiseSVN\bin;D:\SDK\platform-tools
USERNAME=guifu
OS=Windows_NT
PROCESSOR_IDENTIFIER=AMD64 Family 21 Model 19 Stepping 1, AuthenticAMD



---------------  S Y S T E M  ---------------

OS: Windows 7 , 64 bit Build 7601 (6.1.7601.23403)

CPU:total 4 (4 cores per cpu, 1 threads per core) family 21 model 19 stepping 1, cmov, cx8, fxsr, mmx, sse, sse2, sse3, ssse3, sse4.1, sse4.2, popcnt, avx, aes, clmul, mmxext, 3dnowpref, lzcnt, sse4a, tsc, tscinvbit, tscinv, bmi1

Memory: 4k page, physical 7555424k(1511912k free), swap 7553568k(5160k free)

vm_info: Java HotSpot(TM) 64-Bit Server VM (25.102-b14) for windows-amd64 JRE (1.8.0_102-b14), built on Jun 22 2016 13:15:21 by "java_re" with MS VC++ 10.0 (VS2010)

time: Fri Sep 09 19:09:27 2016
elapsed time: 12 seconds (0d 0h 0m 12s)

